2020-12-08 18:24:26-log: [Package] menu@1.0.0 enable
2020-12-08 18:24:26-log: [Package] profile@1.0.0 enable
2020-12-08 18:24:26-log: [Package] messages@1.0.0 enable
2020-12-08 18:24:26-log: [Package] program@1.0.0 enable
2020-12-08 18:24:26-log: [Package] ui-kit@1.0.0 enable
2020-12-08 18:24:26-log: [Package] preferences@1.0.0 enable
2020-12-08 18:24:26-log: Setup mods mgr.: 452.459ms
2020-12-08 18:24:26-log: [Package] device@1.0.1 enable
2020-12-08 18:24:26-log: [Package] tester@1.0.0 enable
2020-12-08 18:24:26-log: [Package] scene@1.0.0 enable
2020-12-08 18:24:26-log: [Package] extension@3.0.0 enable
2020-12-08 18:24:27-log: [Package] project@1.0.1 enable
2020-12-08 18:24:27-log: [Package] about@1.0.0 enable
2020-12-08 18:24:27-warn: Server: Port 7456 is occupied
2020-12-08 18:24:27-log: [Package] server@1.0.0 enable
2020-12-08 18:24:27-log: [Package] utils@1.0.0 enable
2020-12-08 18:24:26-log: [Package] asset-db@1.0.0 enable
2020-12-08 18:24:26-log: [Package] console@1.0.0 enable
2020-12-08 18:24:26-log: [Package] engine@1.0.3 enable
2020-12-08 18:24:26-log: [Package] menu@1.0.0 enable
2020-12-08 18:24:26-log: [Package] device@1.0.1 enable
2020-12-08 18:24:26-log: [Package] ui-kit@1.0.0 enable
2020-12-08 18:24:26-log: [Package] tester@1.0.0 enable
2020-12-08 18:24:26-log: [Package] preferences@1.0.0 enable
2020-12-08 18:24:26-log: Setup mods mgr.: 452.459ms
2020-12-08 18:24:26-log: [Package] engine@1.0.3 enable
2020-12-08 18:24:26-log: [Package] console@1.0.0 enable
2020-12-08 18:24:26-log: [Package] asset-db@1.0.0 enable
2020-12-08 18:24:26-log: [Package] scene@1.0.0 enable
2020-12-08 18:24:26-log: [Package] extension@3.0.0 enable
2020-12-08 18:24:27-log: [Package] project@1.0.1 enable
2020-12-08 18:24:27-log: [Package] about@1.0.0 enable
2020-12-08 18:24:27-log: [Package] server@1.0.0 enable
2020-12-08 18:24:27-warn: Server: Port 7456 is occupied
2020-12-08 18:24:27-log: [Package] utils@1.0.0 enable
2020-12-08 18:24:27-log: [Package] assets@1.0.0 enable
2020-12-08 18:24:27-log: [Package] inspector@1.0.0 enable
2020-12-08 18:24:27-log: [Package] hierarchy@1.0.0 enable
2020-12-08 18:24:30-log: [Package] preview@1.0.0 enable
2020-12-08 18:24:31-log: [Package] builder@1.2.6 enable
2020-12-08 18:24:30-log: [Package] animator@1.0.0 enable
2020-12-08 18:24:31-log: [Package] lightmap@1.0.0 enable
2020-12-08 18:24:31-log: [Package] node-library@1.0.0 enable
2020-12-08 18:24:31-log: [Package] shortcuts@1.0.1 enable
2020-12-08 18:24:31-log: [Package] importer@1.0.0 enable
2020-12-08 18:24:31-log: [Package] programming@1.0.0 enable
2020-12-08 18:24:31-log: [Package] alipay-mini-game@1.0.0 enable
2020-12-08 18:24:31-log: [Package] android@1.0.0 enable
2020-12-08 18:24:31-log: [Package] baidu-mini-game@1.0.0 enable
2020-12-08 18:24:31-log: [Package] bytedance-mini-game@1.0.0 enable
2020-12-08 18:24:31-log: [Package] cocos-play@1.0.0 enable
2020-12-08 18:24:31-log: [Package] huawei-agc@1.0.0 enable
2020-12-08 18:24:31-log: [Package] huawei-quick-game@1.0.0 enable
2020-12-08 18:24:31-log: [Package] ios@1.0.0 enable
2020-12-08 18:24:31-log: [Package] ios-app-clip@1.0.0 enable
2020-12-08 18:24:31-log: [Package] link-sure@1.0.0 enable
2020-12-08 18:24:31-log: [Package] mac@1.0.0 enable
2020-12-08 18:24:31-log: [Package] native@1.0.0 enable
2020-12-08 18:24:31-log: [Package] oppo-mini-game@1.0.0 enable
2020-12-08 18:24:31-log: [Package] qtt@1.0.0 enable
2020-12-08 18:24:31-log: [Package] vivo-mini-game@1.0.0 enable
2020-12-08 18:24:31-log: [Package] web-desktop@1.0.0 enable
2020-12-08 18:24:31-log: [Package] web-mobile@1.0.0 enable
2020-12-08 18:24:31-log: [Package] wechatgame@1.0.0 enable
2020-12-08 18:24:31-log: [Package] windows@1.0.0 enable
2020-12-08 18:24:31-log: [Package] xiaomi-quick-game@1.0.0 enable
2020-12-08 18:24:32-log: [Package] cocos-assistant@0.1.1 enable
2020-12-08 18:25:07-warn: [Asset DB] Browserslist: caniuse-lite is outdated. Please run the following command: `npx browserslist --update-db`
2020-12-08 18:39:50-error: [Scene] Cannot read property 'destroy' of null
2020-12-08 18:24:26-log: [Package] messages@1.0.0 enable
2020-12-08 18:24:26-log: [Package] program@1.0.0 enable
2020-12-08 18:24:26-log: [Package] profile@1.0.0 enable
